# JRE version: Java(TM) SE Runtime Environment (8.0_191-b12) (build 1.8.0_191-b12)
# Java VM: Java HotSpot(TM) 64-Bit Server VM (25.191-b12 mixed mode bsd-amd64 compressed oops)
Heap:
 PSYoungGen      total 378880K, used 113939K [0x0000000795580000, 0x00000007bb300000, 0x00000007c0000000)
  eden space 154112K, 5% used [0x0000000795580000,0x0000000795e83028,0x000000079ec00000)
  from space 224768K, 46% used [0x00000007ad780000,0x00000007b3dc1c78,0x00000007bb300000)
  to   space 232960K, 0% used [0x000000079ec00000,0x000000079ec00000,0x00000007acf80000)
 ParOldGen       total 1163776K, used 847401K [0x0000000740000000, 0x0000000787080000, 0x0000000795580000)
  object space 1163776K, 72% used [0x0000000740000000,0x0000000773b8a468,0x0000000787080000)
 Metaspace       used 8953K, capacity 9105K, committed 9216K, reserved 1056768K
  class space    used 886K, capacity 955K, committed 1024K, reserved 1048576K
GC Heap History (10 events):
Event: 11.084 GC heap before
{Heap before GC invocations=18 (full 4):
 PSYoungGen      total 317952K, used 295008K [0x0000000795580000, 0x00000007b8f00000, 0x00000007c0000000)
  eden space 91136K, 100% used [0x0000000795580000,0x000000079ae80000,0x000000079ae80000)
  from space 226816K, 89% used [0x000000079ae80000,0x00000007a7598000,0x00000007a8c00000)
  to   space 232960K, 0% used [0x00000007aab80000,0x00000007aab80000,0x00000007b8f00000)
 ParOldGen       total 600576K, used 437415K [0x0000000740000000, 0x0000000764a80000, 0x0000000795580000)
  object space 600576K, 72% used [0x0000000740000000,0x000000075ab29c70,0x0000000764a80000)
 Metaspace       used 8940K, capacity 9041K, committed 9216K, reserved 1056768K
  class space    used 884K, capacity 955K, committed 1024K, reserved 1048576K
Event: 11.958 GC heap after
Heap after GC invocations=18 (full 4):
 PSYoungGen      total 350208K, used 213408K [0x0000000795580000, 0x00000007b9480000, 0x00000007c0000000)
  eden space 117248K, 0% used [0x0000000795580000,0x0000000795580000,0x000000079c800000)
  from space 232960K, 91% used [0x00000007aab80000,0x00000007b7be8000,0x00000007b8f00000)
  to   space 232960K, 0% used [0x000000079c800000,0x000000079c800000,0x00000007aab80000)
 ParOldGen       total 600576K, used 502263K [0x0000000740000000, 0x0000000764a80000, 0x0000000795580000)
  object space 600576K, 83% used [0x0000000740000000,0x000000075ea7dc70,0x0000000764a80000)
 Metaspace       used 8940K, capacity 9041K, committed 9216K, reserved 1056768K
  class space    used 884K, capacity 955K, committed 1024K, reserved 1048576K
}
Event: 12.141 GC heap before
{Heap before GC invocations=19 (full 4):
 PSYoungGen      total 350208K, used 330656K [0x0000000795580000, 0x00000007b9480000, 0x00000007c0000000)
  eden space 117248K, 100% used [0x0000000795580000,0x000000079c800000,0x000000079c800000)
  from space 232960K, 91% used [0x00000007aab80000,0x00000007b7be8000,0x00000007b8f00000)
  to   space 232960K, 0% used [0x000000079c800000,0x000000079c800000,0x00000007aab80000)
 ParOldGen       total 600576K, used 502263K [0x0000000740000000, 0x0000000764a80000, 0x0000000795580000)
  object space 600576K, 83% used [0x0000000740000000,0x000000075ea7dc70,0x0000000764a80000)
 Metaspace       used 8941K, capacity 9041K, committed 9216K, reserved 1056768K
  class space    used 884K, capacity 955K, committed 1024K, reserved 1048576K
Event: 12.987 GC heap after
Heap after GC invocations=19 (full 4):
 PSYoungGen      total 350208K, used 232960K [0x0000000795580000, 0x00000007bbb00000, 0x00000007c0000000)
  eden space 117248K, 0% used [0x0000000795580000,0x0000000795580000,0x000000079c800000)
  from space 232960K, 100% used [0x000000079c800000,0x00000007aab80000,0x00000007aab80000)
  to   space 232960K, 0% used [0x00000007ad780000,0x00000007ad780000,0x00000007bbb00000)
 ParOldGen       total 600576K, used 578103K [0x0000000740000000, 0x0000000764a80000, 0x0000000795580000)
  object space 600576K, 96% used [0x0000000740000000,0x000000076348dc70,0x0000000764a80000)
 Metaspace       used 8941K, capacity 9041K, committed 9216K, reserved 1056768K
  class space    used 884K, capacity 955K, committed 1024K, reserved 1048576K
}
Event: 12.987 GC heap before
{Heap before GC invocations=20 (full 5):
 PSYoungGen      total 350208K, used 232960K [0x0000000795580000, 0x00000007bbb00000, 0x00000007c0000000)
  eden space 117248K, 0% used [0x0000000795580000,0x0000000795580000,0x000000079c800000)
  from space 232960K, 100% used [0x000000079c800000,0x00000007aab80000,0x00000007aab80000)
  to   space 232960K, 0% used [0x00000007ad780000,0x00000007ad780000,0x00000007bbb00000)
 ParOldGen       total 600576K, used 578103K [0x0000000740000000, 0x0000000764a80000, 0x0000000795580000)
  object space 600576K, 96% used [0x0000000740000000,0x000000076348dc70,0x0000000764a80000)
 Metaspace       used 8941K, capacity 9041K, committed 9216K, reserved 1056768K
  class space    used 884K, capacity 955K, committed 1024K, reserved 1048576K
Event: 16.927 GC heap after
Heap after GC invocations=20 (full 5):
 PSYoungGen      total 350208K, used 209621K [0x0000000795580000, 0x00000007bbb00000, 0x00000007c0000000)
  eden space 117248K, 0% used [0x0000000795580000,0x0000000795580000,0x000000079c800000)
  from space 232960K, 89% used [0x000000079c800000,0x00000007a94b5798,0x00000007aab80000)
  to   space 232960K, 0% used [0x00000007ad780000,0x00000007ad780000,0x00000007bbb00000)
 ParOldGen       total 847872K, used 600278K [0x0000000740000000, 0x0000000773c00000, 0x0000000795580000)
  object space 847872K, 70% used [0x0000000740000000,0x0000000764a35bc8,0x0000000773c00000)
 Metaspace       used 8941K, capacity 9041K, committed 9216K, reserved 1056768K
  class space    used 884K, capacity 955K, committed 1024K, reserved 1048576K
}
Event: 17.227 GC heap before
{Heap before GC invocations=21 (full 5):
 PSYoungGen      total 350208K, used 326869K [0x0000000795580000, 0x00000007bbb00000, 0x00000007c0000000)
  eden space 117248K, 100% used [0x0000000795580000,0x000000079c800000,0x000000079c800000)
  from space 232960K, 89% used [0x000000079c800000,0x00000007a94b5798,0x00000007aab80000)
  to   space 232960K, 0% used [0x00000007ad780000,0x00000007ad780000,0x00000007bbb00000)
 ParOldGen       total 847872K, used 710223K [0x0000000740000000, 0x0000000773c00000, 0x0000000795580000)
  object space 847872K, 83% used [0x0000000740000000,0x000000076b593d58,0x0000000773c00000)
 Metaspace       used 8943K, capacity 9105K, committed 9216K, reserved 1056768K
  class space    used 884K, capacity 955K, committed 1024K, reserved 1048576K
Event: 18.090 GC heap after
Heap after GC invocations=21 (full 5):
 PSYoungGen      total 378880K, used 190368K [0x0000000795580000, 0x00000007bb300000, 0x00000007c0000000)
  eden space 154112K, 0% used [0x0000000795580000,0x0000000795580000,0x000000079ec00000)
  from space 224768K, 84% used [0x00000007ad780000,0x00000007b9168000,0x00000007bb300000)
  to   space 232960K, 0% used [0x000000079ec00000,0x000000079ec00000,0x00000007acf80000)
 ParOldGen       total 847872K, used 825423K [0x0000000740000000, 0x0000000773c00000, 0x0000000795580000)
  object space 847872K, 97% used [0x0000000740000000,0x0000000772613d58,0x0000000773c00000)
 Metaspace       used 8943K, capacity 9105K, committed 9216K, reserved 1056768K
  class space    used 884K, capacity 955K, committed 1024K, reserved 1048576K
}
Event: 18.090 GC heap before
{Heap before GC invocations=22 (full 6):
 PSYoungGen      total 378880K, used 190368K [0x0000000795580000, 0x00000007bb300000, 0x00000007c0000000)
  eden space 154112K, 0% used [0x0000000795580000,0x0000000795580000,0x000000079ec00000)
  from space 224768K, 84% used [0x00000007ad780000,0x00000007b9168000,0x00000007bb300000)
  to   space 232960K, 0% used [0x000000079ec00000,0x000000079ec00000,0x00000007acf80000)
 ParOldGen       total 847872K, used 825423K [0x0000000740000000, 0x0000000773c00000, 0x0000000795580000)
  object space 847872K, 97% used [0x0000000740000000,0x0000000772613d58,0x0000000773c00000)
 Metaspace       used 8943K, capacity 9105K, committed 9216K, reserved 1056768K
  class space    used 884K, capacity 955K, committed 1024K, reserved 1048576K
Event: 21.810 GC heap after
Heap after GC invocations=22 (full 6):
 PSYoungGen      total 378880K, used 104711K [0x0000000795580000, 0x00000007bb300000, 0x00000007c0000000)
  eden space 154112K, 0% used [0x0000000795580000,0x0000000795580000,0x000000079ec00000)
  from space 224768K, 46% used [0x00000007ad780000,0x00000007b3dc1c78,0x00000007bb300000)
  to   space 232960K, 0% used [0x000000079ec00000,0x000000079ec00000,0x00000007acf80000)
 ParOldGen       total 1163776K, used 847401K [0x0000000740000000, 0x0000000787080000, 0x0000000795580000)
  object space 1163776K, 72% used [0x0000000740000000,0x0000000773b8a468,0x0000000787080000)
 Metaspace       used 8943K, capacity 9105K, committed 9216K, reserved 1056768K
  class space    used 884K, capacity 955K, committed 1024K, reserved 1048576K
}

